2025-03-25 18:07:30,186 - INFO - ====== WebDriver manager ======
2025-03-25 18:07:31,502 - INFO - Get LATEST chromedriver version for google-chrome
2025-03-25 18:07:31,875 - INFO - Get LATEST chromedriver version for google-chrome
2025-03-25 18:07:32,243 - INFO - Driver [C:\Users\katab\.wdm\drivers\chromedriver\win64\134.0.6998.165\chromedriver-win32/chromedriver.exe] found in cache
2025-03-25 18:07:41,949 - INFO - Cookies успешно загружены в браузер.
2025-03-25 18:07:41,949 - INFO - Обрабатываем VIN: XLRTEH4300G120367
2025-03-25 18:07:46,633 - INFO - Текущий URL после поиска: https://avtokompromat.ru/user/gosvin.php?pn=0
2025-03-25 18:07:48,738 - INFO - HTML-код страницы сохранен в файл page_source_XLRTEH4300G120367.html
2025-03-25 18:07:48,755 - INFO - Найдено блоков content: 28
2025-03-25 18:07:49,108 - ERROR - Не найден блок info_cart с данными о владельцах для VIN: XLRTEH4300G120367
2025-03-25 18:07:49,108 - INFO - Обрабатываем VIN: XTAGFK110KY268245
2025-03-25 18:07:50,131 - INFO - Текущий URL после поиска: https://avtokompromat.ru/user/gosvin.php?pn=0
2025-03-25 18:07:51,735 - INFO - HTML-код страницы сохранен в файл page_source_XTAGFK110KY268245.html
2025-03-25 18:07:51,746 - INFO - Найдено блоков content: 29
2025-03-25 18:07:52,075 - ERROR - Не найден блок info_cart с данными о владельцах для VIN: XTAGFK110KY268245
2025-03-25 18:07:52,075 - INFO - Обрабатываем VIN: X7LHSRHGD59258171
2025-03-25 18:07:52,968 - INFO - Текущий URL после поиска: https://avtokompromat.ru/user/gosvin.php?pn=0
2025-03-25 18:07:55,043 - INFO - HTML-код страницы сохранен в файл page_source_X7LHSRHGD59258171.html
2025-03-25 18:07:55,053 - INFO - Найдено блоков content: 26
2025-03-25 18:07:55,292 - ERROR - Не найден блок info_cart с данными о владельцах для VIN: X7LHSRHGD59258171
2025-03-25 18:07:57,580 - INFO - Парсинг завершен.
2025-03-25 18:13:30,152 - INFO - ====== WebDriver manager ======
2025-03-25 18:13:31,229 - INFO - Get LATEST chromedriver version for google-chrome
2025-03-25 18:13:31,551 - INFO - Get LATEST chromedriver version for google-chrome
2025-03-25 18:13:31,902 - INFO - Driver [C:\Users\katab\.wdm\drivers\chromedriver\win64\134.0.6998.165\chromedriver-win32/chromedriver.exe] found in cache
2025-03-25 18:13:39,443 - INFO - Cookies успешно загружены в браузер.
2025-03-25 18:13:39,444 - INFO - Обрабатываем VIN: XLRTEH4300G120367
2025-03-25 18:13:42,449 - INFO - Текущий URL после поиска: https://avtokompromat.ru/user/gosvin.php?pn=0
2025-03-25 18:13:49,161 - INFO - HTML-код страницы сохранен в файл page_source_XLRTEH4300G120367.html
2025-03-25 18:13:49,624 - INFO - Успешно обработан VIN: XLRTEH4300G120367
2025-03-25 18:13:49,625 - INFO - Обрабатываем VIN: XTAGFK110KY268245
2025-03-25 18:13:51,356 - INFO - Текущий URL после поиска: https://avtokompromat.ru/user/gosvin.php?pn=0
2025-03-25 18:14:00,603 - INFO - HTML-код страницы сохранен в файл page_source_XTAGFK110KY268245.html
2025-03-25 18:14:00,939 - INFO - Успешно обработан VIN: XTAGFK110KY268245
2025-03-25 18:14:00,940 - INFO - Обрабатываем VIN: X7LHSRHGD59258171
2025-03-25 18:14:02,430 - INFO - Текущий URL после поиска: https://avtokompromat.ru/user/gosvin.php?pn=0
2025-03-25 18:14:09,145 - INFO - HTML-код страницы сохранен в файл page_source_X7LHSRHGD59258171.html
2025-03-25 18:14:09,394 - INFO - Успешно обработан VIN: X7LHSRHGD59258171
2025-03-25 18:14:09,395 - INFO - Данные сохранены в parsed_data.json
2025-03-25 18:14:11,741 - INFO - Парсинг завершен.
2025-03-25 18:26:08,504 - INFO - ====== WebDriver manager ======
2025-03-25 18:26:09,521 - INFO - Get LATEST chromedriver version for google-chrome
2025-03-25 18:26:09,833 - INFO - Get LATEST chromedriver version for google-chrome
2025-03-25 18:26:10,132 - INFO - Driver [C:\Users\katab\.wdm\drivers\chromedriver\win64\134.0.6998.165\chromedriver-win32/chromedriver.exe] found in cache
2025-03-25 18:26:18,444 - INFO - Cookies успешно загружены в браузер.
2025-03-25 18:26:18,444 - INFO - Пропускаем VIN XLRTEH4300G120367, так как он уже обработан.
2025-03-25 18:26:18,445 - INFO - Пропускаем VIN XTAGFK110KY268245, так как он уже обработан.
2025-03-25 18:26:18,445 - INFO - Пропускаем VIN X7LHSRHGD59258171, так как он уже обработан.
2025-03-25 18:26:18,445 - INFO - Обрабатываем VIN: Y3M6501C9J0000142
2025-03-25 18:26:23,971 - INFO - Текущий URL после поиска: https://avtokompromat.ru/user/gosvin.php?pn=0
2025-03-25 18:26:33,749 - INFO - HTML-код страницы сохранен в файл page_source_Y3M6501C9J0000142.html
2025-03-25 18:26:34,073 - INFO - Успешно обработан VIN: Y3M6501C9J0000142
2025-03-25 18:26:34,074 - INFO - Обрабатываем VIN: WSM00000003168038
2025-03-25 18:26:35,615 - INFO - Текущий URL после поиска: https://avtokompromat.ru/user/gosvin.php?pn=0
2025-03-25 18:26:49,470 - INFO - HTML-код страницы сохранен в файл page_source_WSM00000003168038.html
2025-03-25 18:26:49,720 - INFO - Успешно обработан VIN: WSM00000003168038
2025-03-25 18:26:49,720 - INFO - Обрабатываем VIN: XLRTE47MS0G155304
2025-03-25 18:26:51,044 - INFO - Текущий URL после поиска: https://avtokompromat.ru/user/gosvin.php?pn=0
2025-03-25 18:26:59,782 - INFO - HTML-код страницы сохранен в файл page_source_XLRTE47MS0G155304.html
2025-03-25 18:27:00,158 - INFO - Успешно обработан VIN: XLRTE47MS0G155304
2025-03-25 18:27:00,159 - INFO - Данные сохранены в results.json
2025-03-25 18:27:02,797 - INFO - Парсинг завершен.
2025-03-25 18:28:38,940 - INFO - ====== WebDriver manager ======
2025-03-25 18:28:40,025 - INFO - Get LATEST chromedriver version for google-chrome
2025-03-25 18:28:40,410 - INFO - Get LATEST chromedriver version for google-chrome
2025-03-25 18:28:40,781 - INFO - Driver [C:\Users\katab\.wdm\drivers\chromedriver\win64\134.0.6998.165\chromedriver-win32/chromedriver.exe] found in cache
2025-03-25 18:28:53,121 - INFO - Cookies успешно загружены в браузер.
2025-03-25 18:28:53,123 - INFO - Пропускаем VIN XLRTEH4300G120367, так как он уже обработан.
2025-03-25 18:28:53,123 - INFO - Пропускаем VIN XTAGFK110KY268245, так как он уже обработан.
2025-03-25 18:28:53,123 - INFO - Обрабатываем VIN: X7LHSRHGD59258171
2025-03-25 18:28:57,470 - INFO - Текущий URL после поиска: https://avtokompromat.ru/user/gosvin.php?pn=0
2025-03-25 18:29:05,698 - INFO - HTML-код страницы сохранен в файл page_source_X7LHSRHGD59258171.html
2025-03-25 18:29:05,935 - INFO - Успешно обработан VIN: X7LHSRHGD59258171
2025-03-25 18:29:05,935 - INFO - Пропускаем VIN Y3M6501C9J0000142, так как он уже обработан.
2025-03-25 18:29:05,935 - INFO - Пропускаем VIN WSM00000003168038, так как он уже обработан.
2025-03-25 18:29:05,935 - INFO - Пропускаем VIN XLRTE47MS0G155304, так как он уже обработан.
2025-03-25 18:29:05,936 - INFO - Данные сохранены в results.json
2025-03-25 18:29:08,126 - INFO - Парсинг завершен.
